2025-08-27 13:28:00 [AdvancedFeedManager] [INFO]    • Total ticks: 0
2025-08-27 13:28:00 [AdvancedFeedManager] [INFO]    • Invalid filtered: 0
2025-08-27 13:28:00 [AdvancedFeedManager] [INFO]    • Connection uptime: 0.0%
2025-08-27 13:28:00 [AdvancedFeedManager] [INFO]    • Active symbols: 0
2025-08-27 13:28:00 [IntelligentStrategyEngine] [INFO] ============================================================
2025-08-27 13:28:00 [AutonomousExecutor] [INFO] ==================================================
2025-08-27 13:28:00 [PoiseMasterBot] [INFO] ============================================================
2025-08-27 13:28:00 [AdvancedFeedManager] [INFO]    • Total ticks: 0
2025-08-27 13:28:00 [AdvancedFeedManager] [INFO]    • Invalid filtered: 0
2025-08-27 13:28:00 [AdvancedFeedManager] [INFO]    • Connection uptime: 0.0%
2025-08-27 13:28:00 [AdvancedFeedManager] [INFO]    • Active symbols: 0
2025-08-27 13:28:00 [AutonomousExecutor] [INFO] ==================================================
2025-08-27 13:29:00 [AdvancedFeedManager] [INFO]    • Total ticks: 0
2025-08-27 13:29:00 [AdvancedFeedManager] [INFO]    • Invalid filtered: 0
2025-08-27 13:29:00 [AdvancedFeedManager] [INFO]    • Connection uptime: 0.0%
2025-08-27 13:29:00 [AdvancedFeedManager] [INFO]    • Active symbols: 0
2025-08-27 13:29:00 [AutonomousExecutor] [INFO] ==================================================
2025-08-27 13:30:00 [AdvancedFeedManager] [INFO]    • Total ticks: 0
2025-08-27 13:30:00 [AdvancedFeedManager] [INFO]    • Invalid filtered: 0
2025-08-27 13:30:00 [AdvancedFeedManager] [INFO]    • Connection uptime: 0.0%
2025-08-27 13:30:00 [AdvancedFeedManager] [INFO]    • Active symbols: 0
2025-08-27 13:30:00 [AutonomousExecutor] [INFO] ==================================================
2025-08-27 13:31:00 [AdvancedFeedManager] [INFO]    • Total ticks: 0
2025-08-27 13:31:00 [AdvancedFeedManager] [INFO]    • Invalid filtered: 0
2025-08-27 13:31:00 [AdvancedFeedManager] [INFO]    • Connection uptime: 0.0%
2025-08-27 13:31:00 [AdvancedFeedManager] [INFO]    • Active symbols: 0
2025-08-27 13:31:00 [AutonomousExecutor] [INFO] ==================================================
2025-08-27 13:32:00 [AdvancedFeedManager] [INFO]    • Total ticks: 0
2025-08-27 13:32:00 [AdvancedFeedManager] [INFO]    • Invalid filtered: 0
2025-08-27 13:32:00 [AdvancedFeedManager] [INFO]    • Connection uptime: 0.0%
2025-08-27 13:32:00 [AdvancedFeedManager] [INFO]    • Active symbols: 0
2025-08-27 13:32:00 [AutonomousExecutor] [INFO] ==================================================
2025-08-27 13:33:00 [AdvancedFeedManager] [INFO]    • Total ticks: 0
2025-08-27 13:33:00 [AdvancedFeedManager] [INFO]    • Invalid filtered: 0
2025-08-27 13:33:00 [AdvancedFeedManager] [INFO]    • Connection uptime: 0.0%
2025-08-27 13:33:00 [AdvancedFeedManager] [INFO]    • Active symbols: 0
2025-08-27 13:33:00 [AdvancedFeedManager] [INFO]    • Total ticks: 0
2025-08-27 13:33:00 [AdvancedFeedManager] [INFO]    • Invalid filtered: 0
2025-08-27 13:33:00 [AdvancedFeedManager] [INFO]    • Connection uptime: 0.0%
2025-08-27 13:33:00 [AdvancedFeedManager] [INFO]    • Active symbols: 0
2025-08-27 13:33:00 [AdvancedFeedManager] [INFO]    • Total ticks: 0
2025-08-27 13:33:00 [AdvancedFeedManager] [INFO]    • Invalid filtered: 0
2025-08-27 13:33:00 [AdvancedFeedManager] [INFO]    • Connection uptime: 0.0%
2025-08-27 13:33:00 [AdvancedFeedManager] [INFO]    • Active symbols: 0
2025-08-27 13:33:00 [AutonomousExecutor] [INFO] ==================================================
2025-08-27 13:34:00 [AdvancedFeedManager] [INFO]    • Total ticks: 0
2025-08-27 13:34:00 [AdvancedFeedManager] [INFO]    • Invalid filtered: 0
2025-08-27 13:34:00 [AdvancedFeedManager] [INFO]    • Connection uptime: 0.0%
2025-08-27 13:34:00 [AdvancedFeedManager] [INFO]    • Active symbols: 0
2025-08-27 13:34:00 [AdvancedFeedManager] [INFO]    • Total ticks: 0
2025-08-27 13:34:00 [AdvancedFeedManager] [INFO]    • Invalid filtered: 0
2025-08-27 13:34:00 [AdvancedFeedManager] [INFO]    • Connection uptime: 0.0%
2025-08-27 13:34:00 [AdvancedFeedManager] [INFO]    • Active symbols: 0
2025-08-27 13:34:00 [AutonomousExecutor] [INFO] ==================================================
2025-08-27 13:34:34 [ConfigManager] [INFO] Configuration backed up to: backups\config_backup_20250827_133434.yaml
2025-08-27 13:34:44 [ConfigManager] [INFO] Configuration backed up to: backups\config_backup_20250827_133444.yaml
2025-08-27 13:34:47 [ConfigManager] [INFO] Configuration backed up to: backups\config_backup_20250827_133447.yaml
2025-08-27 13:35:00 [ConfigManager] [INFO] Configuration backed up to: backups\config_backup_20250827_133500.yaml
2025-08-27 13:35:00 [AdvancedFeedManager] [INFO]    • Total ticks: 0
2025-08-27 13:35:00 [AdvancedFeedManager] [INFO]    • Invalid filtered: 0
2025-08-27 13:35:00 [AdvancedFeedManager] [INFO]    • Connection uptime: 0.0%
2025-08-27 13:35:00 [AdvancedFeedManager] [INFO]    • Active symbols: 0
2025-08-27 13:35:01 [ConfigManager] [INFO] Configuration backed up to: backups\config_backup_20250827_133501.yaml
2025-08-27 13:35:01 [ConfigManager] [INFO] Configuration backed up to: backups\config_backup_20250827_133501.yaml
2025-08-27 13:35:01 [ConfigManager] [INFO] Configuration backed up to: backups\config_backup_20250827_133501.yaml
2025-08-27 13:35:01 [ConfigManager] [INFO] Configuration backed up to: backups\config_backup_20250827_133501.yaml
2025-08-27 13:35:02 [ConfigManager] [INFO] Configuration backed up to: backups\config_backup_20250827_133502.yaml
2025-08-27 13:35:02 [ConfigManager] [INFO] Configuration backed up to: backups\config_backup_20250827_133502.yaml
2025-08-27 13:35:02 [ConfigManager] [INFO] Configuration backed up to: backups\config_backup_20250827_133502.yaml
2025-08-27 13:35:02 [ConfigManager] [INFO] Configuration backed up to: backups\config_backup_20250827_133502.yaml
2025-08-27 13:35:03 [ConfigManager] [INFO] Configuration backed up to: backups\config_backup_20250827_133503.yaml
2025-08-27 13:36:00 [AdvancedFeedManager] [INFO]    • Total ticks: 0
2025-08-27 13:36:00 [AdvancedFeedManager] [INFO]    • Invalid filtered: 0
2025-08-27 13:36:00 [AdvancedFeedManager] [INFO]    • Connection uptime: 0.0%
2025-08-27 13:36:00 [AdvancedFeedManager] [INFO]    • Active symbols: 0
2025-08-27 13:37:00 [AdvancedFeedManager] [INFO]    • Total ticks: 0
2025-08-27 13:37:00 [AdvancedFeedManager] [INFO]    • Invalid filtered: 0
2025-08-27 13:37:00 [AdvancedFeedManager] [INFO]    • Connection uptime: 0.0%
2025-08-27 13:37:00 [AdvancedFeedManager] [INFO]    • Active symbols: 0
2025-08-27 13:38:00 [AdvancedFeedManager] [INFO]    • Total ticks: 0
2025-08-27 13:38:00 [AdvancedFeedManager] [INFO]    • Invalid filtered: 0
2025-08-27 13:38:00 [AdvancedFeedManager] [INFO]    • Connection uptime: 0.0%
2025-08-27 13:38:00 [AdvancedFeedManager] [INFO]    • Active symbols: 0
2025-08-27 13:38:00 [AdvancedFeedManager] [INFO]    • Total ticks: 0
2025-08-27 13:38:00 [AdvancedFeedManager] [INFO]    • Invalid filtered: 0
2025-08-27 13:38:00 [AdvancedFeedManager] [INFO]    • Connection uptime: 0.0%
2025-08-27 13:38:00 [AdvancedFeedManager] [INFO]    • Active symbols: 0
2025-08-27 13:38:00 [AdvancedFeedManager] [INFO]    • Total ticks: 0
2025-08-27 13:38:00 [AdvancedFeedManager] [INFO]    • Invalid filtered: 0
2025-08-27 13:38:00 [AdvancedFeedManager] [INFO]    • Connection uptime: 0.0%
2025-08-27 13:38:00 [AdvancedFeedManager] [INFO]    • Active symbols: 0
2025-08-27 13:39:00 [AdvancedFeedManager] [INFO]    • Total ticks: 0
2025-08-27 13:39:00 [AdvancedFeedManager] [INFO]    • Invalid filtered: 0
2025-08-27 13:39:00 [AdvancedFeedManager] [INFO]    • Connection uptime: 0.0%
2025-08-27 13:39:00 [AdvancedFeedManager] [INFO]    • Active symbols: 0
2025-08-27 13:39:00 [AdvancedFeedManager] [INFO]    • Total ticks: 0
2025-08-27 13:39:00 [AdvancedFeedManager] [INFO]    • Invalid filtered: 0
2025-08-27 13:39:00 [AdvancedFeedManager] [INFO]    • Connection uptime: 0.0%
2025-08-27 13:39:00 [AdvancedFeedManager] [INFO]    • Active symbols: 0
2025-08-27 13:40:00 [AdvancedFeedManager] [INFO]    • Total ticks: 0
2025-08-27 13:40:00 [AdvancedFeedManager] [INFO]    • Invalid filtered: 0
2025-08-27 13:40:00 [AdvancedFeedManager] [INFO]    • Connection uptime: 0.0%
2025-08-27 13:40:00 [AdvancedFeedManager] [INFO]    • Active symbols: 0
2025-08-27 13:40:23 [ConfigManager] [INFO] Configuration backed up to: backups\config_backup_20250827_134023.yaml
2025-08-27 13:40:26 [ConfigManager] [INFO] Configuration backed up to: backups\config_backup_20250827_134026.yaml
2025-08-27 13:40:26 [ConfigManager] [INFO] Configuration backed up to: backups\config_backup_20250827_134026.yaml
2025-08-27 18:26:04 [ConfigManager] [ERROR] Failed to load config file config\config.yaml: 'charmap' codec can't decode byte 0x8f in position 4: character maps to <undefined>
